Build started 2023-11-24 2:51:04 PM.
Logging verbosity is set to: Normal.     1>Project "C:\Work\Engine\Next2024\Source\Tests\BehemothTests\BehemothTests.vcxproj" on node 2 (Build target(s)).
     1>PrepareForBuild:
         Creating directory "..\..\..\Build\bin\Debug\windows\BehemothTests\".
         Creating directory "..\..\..\Build\obj\Debug\windows\BehemothTests\BehemothTests.tlog\".
       InitializeBuildStatus:
         Creating "..\..\..\Build\obj\Debug\windows\BehemothTests\BehemothTests.tlog\unsuccessfulbuild" because "AlwaysCreate" was specified.
       ClCompile:
         C:\Program Files (x86)\Microsoft Visual Studio\2019\BuildTools\VC\Tools\MSVC\14.29.30133\bin\HostX64\x64\CL.exe /c /I"C:\Work\Engine\Next2024\packages\Microsoft.googletest.v140.windesktop.msvcstl.static.rt-dyn.1.8.1.4\build\native\include" /I..\..\Engine\BehemothCore /I..\..\NextAPI /ZI /JMC /nologo /W3 /WX /diagnostics:column /MP /Od /D DEBUG /D _UNICODE /D UNICODE /Gm- /EHsc /RTC1 /MDd /GS /fp:fast /Zc:wchar_t /Zc:forScope /Zc:inline /GR /std:c++20 /Fo"..\..\..\Build\obj\Debug\windows\BehemothTests\\" /Fd"..\..\..\Build\obj\Debug\windows\BehemothTests\vc142.pdb" /external:W3 /Gd /TP /FC /errorReport:prompt Test\pch.cpp Test\test.cpp
         pch.cpp
         test.cpp
       Link:
         C:\Program Files (x86)\Microsoft Visual Studio\2019\BuildTools\VC\Tools\MSVC\14.29.30133\bin\HostX64\x64\link.exe /ERRORREPORT:PROMPT /OUT:"..\..\..\Build\bin\Debug\windows\BehemothTests\BehemothTests.exe" /INCREMENTAL /ILK:"..\..\..\Build\obj\Debug\windows\BehemothTests\BehemothTests.ilk" /NOLOGO /LIBPATH:..\..\NextAPI\glut\lib\x64 /LIBPATH:..\..\..\Build\bin\Debug\windows\BehemothCore /LIBPATH:Build\Debug /WX "C:\Work\Engine\Next2024\packages\Microsoft.googletest.v140.windesktop.msvcstl.static.rt-dyn.1.8.1.4\build\native\..\..\lib\native\v140\windesktop\msvcstl\static\rt-dyn\x64\Debug\gtest_maind.lib" "C:\Work\Engine\Next2024\packages\Microsoft.googletest.v140.windesktop.msvcstl.static.rt-dyn.1.8.1.4\build\native\..\..\lib\native\v140\windesktop\msvcstl\static\rt-dyn\x64\Debug\gtestd.lib" freeglut.lib kernel32.lib user32.lib gdi32.lib winspool.lib comdlg32.lib advapi32.lib shell32.lib ole32.lib oleaut32.lib uuid.lib odbc32.lib odbccp32.lib /MANIFEST /MANIFESTUAC:"level='asInvoker' uiAccess='false'" /manifest:embed /DEBUG /PDB:"..\..\..\Build\bin\Debug\windows\BehemothTests\BehemothTests.pdb" /SUBSYSTEM:CONSOLE /TLBID:1 /DYNAMICBASE /NXCOMPAT /IMPLIB:"..\..\..\Build\bin\Debug\windows\BehemothTests\BehemothTests.lib" /MACHINE:X64 ..\..\..\Build\obj\Debug\windows\BehemothTests\pch.obj
         ..\..\..\Build\obj\Debug\windows\BehemothTests\test.obj
         C:\Work\Engine\Next2024\Build\bin\Debug\windows\NextAPI\NextAPI.lib
         C:\Work\Engine\Next2024\Build\bin\Debug\windows\BehemothCore\BehemothCore.lib
     1>LINK : fatal error LNK1104: cannot open file 'C:\Work\Engine\Next2024\Build\bin\Debug\windows\BehemothCore\BehemothCore.lib'
     1>Done Building Project "C:\Work\Engine\Next2024\Source\Tests\BehemothTests\BehemothTests.vcxproj" (Build target(s)) -- FAILED.

Build FAILED.

       "C:\Work\Engine\Next2024\Source\Tests\BehemothTests\BehemothTests.vcxproj" (Build target) (1) ->
       (Link target) -> 
         LINK : fatal error LNK1104: cannot open file 'C:\Work\Engine\Next2024\Build\bin\Debug\windows\BehemothCore\BehemothCore.lib'

    0 Warning(s)
    1 Error(s)

Time Elapsed 00:00:01.34
